
AVRASM ver. 2.1.30  C:\Users\barby\OneDrive\Documentos\Universidad\6to Sem\Microcontroladores\Pianito_Version1\Debug\List\Pianito_Tarea.asm Fri Mar 23 12:43:37 2018

                 
                 
                 ;CodeVisionAVR C Compiler V3.32 Evaluation
                 ;(C) Copyright 1998-2017 Pavel Haiduc, HP InfoTech s.r.l.
                 ;http://www.hpinfotech.com
                 
                 ;Build configuration    : Debug
                 ;Chip type              : ATmega328P
                 ;Program type           : Application
                 ;Clock frequency        : 1.000000 MHz
                 ;Memory model           : Small
                 ;Optimize for           : Size
                 ;(s)printf features     : int, width
                 ;(s)scanf features      : int, width
                 ;External RAM size      : 0
                 ;Data Stack size        : 512 byte(s)
                 ;Heap size              : 0 byte(s)
                 ;Promote 'char' to 'int': Yes
                 ;'char' is unsigned     : Yes
                 ;8 bit enums            : Yes
                 ;Global 'const' stored in FLASH: No
                 ;Enhanced function parameter passing: Mode 2
                 ;Enhanced core instructions: On
                 ;Automatic register allocation for global variables: Off
                 ;Smart register allocation: On
                 
                 	#define _MODEL_SMALL_
                 
                 	#pragma AVRPART ADMIN PART_NAME ATmega328P
                 	#pragma AVRPART MEMORY PROG_FLASH 32768
                 	#pragma AVRPART MEMORY EEPROM 1024
                 	#pragma AVRPART MEMORY INT_SRAM SIZE 2048
                 	#pragma AVRPART MEMORY INT_SRAM START_ADDR 0x100
                 
                 	#define CALL_SUPPORTED 1
                 
                 	.LISTMAC
                 	.EQU EERE=0x0
                 	.EQU EEWE=0x1
                 	.EQU EEMWE=0x2
                 	.EQU UDRE=0x5
                 	.EQU RXC=0x7
                 	.EQU EECR=0x1F
                 	.EQU EEDR=0x20
                 	.EQU EEARL=0x21
                 	.EQU EEARH=0x22
                 	.EQU SPSR=0x2D
                 	.EQU SPDR=0x2E
                 	.EQU SMCR=0x33
                 	.EQU MCUSR=0x34
                 	.EQU MCUCR=0x35
                 	.EQU WDTCSR=0x60
                 	.EQU UCSR0A=0xC0
                 	.EQU UDR0=0xC6
                 	.EQU SPL=0x3D
                 	.EQU SPH=0x3E
                 	.EQU SREG=0x3F
                 	.EQU GPIOR0=0x1E
                 
                 	.DEF R0X0=R0
                 	.DEF R0X1=R1
                 	.DEF R0X2=R2
                 	.DEF R0X3=R3
                 	.DEF R0X4=R4
                 	.DEF R0X5=R5
                 	.DEF R0X6=R6
                 	.DEF R0X7=R7
                 	.DEF R0X8=R8
                 	.DEF R0X9=R9
                 	.DEF R0XA=R10
                 	.DEF R0XB=R11
                 	.DEF R0XC=R12
                 	.DEF R0XD=R13
                 	.DEF R0XE=R14
                 	.DEF R0XF=R15
                 	.DEF R0X10=R16
                 	.DEF R0X11=R17
                 	.DEF R0X12=R18
                 	.DEF R0X13=R19
                 	.DEF R0X14=R20
                 	.DEF R0X15=R21
                 	.DEF R0X16=R22
                 	.DEF R0X17=R23
                 	.DEF R0X18=R24
                 	.DEF R0X19=R25
                 	.DEF R0X1A=R26
                 	.DEF R0X1B=R27
                 	.DEF R0X1C=R28
                 	.DEF R0X1D=R29
                 	.DEF R0X1E=R30
                 	.DEF R0X1F=R31
                 
                 	.EQU __SRAM_START=0x0100
                 	.EQU __SRAM_END=0x08FF
                 	.EQU __DSTACK_SIZE=0x0200
                 	.EQU __HEAP_SIZE=0x0000
                 	.EQU __CLEAR_SRAM_SIZE=__SRAM_END-__SRAM_START+1
                 
                 	.MACRO __CPD1N
                 	CPI  R30,LOW(@0)
                 	LDI  R26,HIGH(@0)
                 	CPC  R31,R26
                 	LDI  R26,BYTE3(@0)
                 	CPC  R22,R26
                 	LDI  R26,BYTE4(@0)
                 	CPC  R23,R26
                 	.ENDM
                 
                 	.MACRO __CPD2N
                 	CPI  R26,LOW(@0)
                 	LDI  R30,HIGH(@0)
                 	CPC  R27,R30
                 	LDI  R30,BYTE3(@0)
                 	CPC  R24,R30
                 	LDI  R30,BYTE4(@0)
                 	CPC  R25,R30
                 	.ENDM
                 
                 	.MACRO __CPWRR
                 	CP   R@0,R@2
                 	CPC  R@1,R@3
                 	.ENDM
                 
                 	.MACRO __CPWRN
                 	CPI  R@0,LOW(@2)
                 	LDI  R30,HIGH(@2)
                 	CPC  R@1,R30
                 	.ENDM
                 
                 	.MACRO __ADDB1MN
                 	SUBI R30,LOW(-@0-(@1))
                 	.ENDM
                 
                 	.MACRO __ADDB2MN
                 	SUBI R26,LOW(-@0-(@1))
                 	.ENDM
                 
                 	.MACRO __ADDW1MN
                 	SUBI R30,LOW(-@0-(@1))
                 	SBCI R31,HIGH(-@0-(@1))
                 	.ENDM
                 
                 	.MACRO __ADDW2MN
                 	SUBI R26,LOW(-@0-(@1))
                 	SBCI R27,HIGH(-@0-(@1))
                 	.ENDM
                 
                 	.MACRO __ADDW1FN
                 	SUBI R30,LOW(-2*@0-(@1))
                 	SBCI R31,HIGH(-2*@0-(@1))
                 	.ENDM
                 
                 	.MACRO __ADDD1FN
                 	SUBI R30,LOW(-2*@0-(@1))
                 	SBCI R31,HIGH(-2*@0-(@1))
                 	SBCI R22,BYTE3(-2*@0-(@1))
                 	.ENDM
                 
                 	.MACRO __ADDD1N
                 	SUBI R30,LOW(-@0)
                 	SBCI R31,HIGH(-@0)
                 	SBCI R22,BYTE3(-@0)
                 	SBCI R23,BYTE4(-@0)
                 	.ENDM
                 
                 	.MACRO __ADDD2N
                 	SUBI R26,LOW(-@0)
                 	SBCI R27,HIGH(-@0)
                 	SBCI R24,BYTE3(-@0)
                 	SBCI R25,BYTE4(-@0)
                 	.ENDM
                 
                 	.MACRO __SUBD1N
                 	SUBI R30,LOW(@0)
                 	SBCI R31,HIGH(@0)
                 	SBCI R22,BYTE3(@0)
                 	SBCI R23,BYTE4(@0)
                 	.ENDM
                 
                 	.MACRO __SUBD2N
                 	SUBI R26,LOW(@0)
                 	SBCI R27,HIGH(@0)
                 	SBCI R24,BYTE3(@0)
                 	SBCI R25,BYTE4(@0)
                 	.ENDM
                 
                 	.MACRO __ANDBMNN
                 	LDS  R30,@0+(@1)
                 	ANDI R30,LOW(@2)
                 	STS  @0+(@1),R30
                 	.ENDM
                 
                 	.MACRO __ANDWMNN
                 	LDS  R30,@0+(@1)
                 	ANDI R30,LOW(@2)
                 	STS  @0+(@1),R30
                 	LDS  R30,@0+(@1)+1
                 	ANDI R30,HIGH(@2)
                 	STS  @0+(@1)+1,R30
                 	.ENDM
                 
                 	.MACRO __ANDD1N
                 	ANDI R30,LOW(@0)
                 	ANDI R31,HIGH(@0)
                 	ANDI R22,BYTE3(@0)
                 	ANDI R23,BYTE4(@0)
                 	.ENDM
                 
                 	.MACRO __ANDD2N
                 	ANDI R26,LOW(@0)
                 	ANDI R27,HIGH(@0)
                 	ANDI R24,BYTE3(@0)
                 	ANDI R25,BYTE4(@0)
                 	.ENDM
                 
                 	.MACRO __ORBMNN
                 	LDS  R30,@0+(@1)
                 	ORI  R30,LOW(@2)
                 	STS  @0+(@1),R30
                 	.ENDM
                 
                 	.MACRO __ORWMNN
                 	LDS  R30,@0+(@1)
                 	ORI  R30,LOW(@2)
                 	STS  @0+(@1),R30
                 	LDS  R30,@0+(@1)+1
                 	ORI  R30,HIGH(@2)
                 	STS  @0+(@1)+1,R30
                 	.ENDM
                 
                 	.MACRO __ORD1N
                 	ORI  R30,LOW(@0)
                 	ORI  R31,HIGH(@0)
                 	ORI  R22,BYTE3(@0)
                 	ORI  R23,BYTE4(@0)
                 	.ENDM
                 
                 	.MACRO __ORD2N
                 	ORI  R26,LOW(@0)
                 	ORI  R27,HIGH(@0)
                 	ORI  R24,BYTE3(@0)
                 	ORI  R25,BYTE4(@0)
                 	.ENDM
                 
                 	.MACRO __DELAY_USB
                 	LDI  R24,LOW(@0)
                 __DELAY_USB_LOOP:
                 	DEC  R24
                 	BRNE __DELAY_USB_LOOP
                 	.ENDM
                 
                 	.MACRO __DELAY_USW
                 	LDI  R24,LOW(@0)
                 	LDI  R25,HIGH(@0)
                 __DELAY_USW_LOOP:
                 	SBIW R24,1
                 	BRNE __DELAY_USW_LOOP
                 	.ENDM
                 
                 	.MACRO __GETD1S
                 	LDD  R30,Y+@0
                 	LDD  R31,Y+@0+1
                 	LDD  R22,Y+@0+2
                 	LDD  R23,Y+@0+3
                 	.ENDM
                 
                 	.MACRO __GETD2S
                 	LDD  R26,Y+@0
                 	LDD  R27,Y+@0+1
                 	LDD  R24,Y+@0+2
                 	LDD  R25,Y+@0+3
                 	.ENDM
                 
                 	.MACRO __PUTD1S
                 	STD  Y+@0,R30
                 	STD  Y+@0+1,R31
                 	STD  Y+@0+2,R22
                 	STD  Y+@0+3,R23
                 	.ENDM
                 
                 	.MACRO __PUTD2S
                 	STD  Y+@0,R26
                 	STD  Y+@0+1,R27
                 	STD  Y+@0+2,R24
                 	STD  Y+@0+3,R25
                 	.ENDM
                 
                 	.MACRO __PUTDZ2
                 	STD  Z+@0,R26
                 	STD  Z+@0+1,R27
                 	STD  Z+@0+2,R24
                 	STD  Z+@0+3,R25
                 	.ENDM
                 
                 	.MACRO __CLRD1S
                 	STD  Y+@0,R30
                 	STD  Y+@0+1,R30
                 	STD  Y+@0+2,R30
                 	STD  Y+@0+3,R30
                 	.ENDM
                 
                 	.MACRO __POINTB1MN
                 	LDI  R30,LOW(@0+(@1))
                 	.ENDM
                 
                 	.MACRO __POINTW1MN
                 	LDI  R30,LOW(@0+(@1))
                 	LDI  R31,HIGH(@0+(@1))
                 	.ENDM
                 
                 	.MACRO __POINTD1M
                 	LDI  R30,LOW(@0)
                 	LDI  R31,HIGH(@0)
                 	LDI  R22,BYTE3(@0)
                 	LDI  R23,BYTE4(@0)
                 	.ENDM
                 
                 	.MACRO __POINTW1FN
                 	LDI  R30,LOW(2*@0+(@1))
                 	LDI  R31,HIGH(2*@0+(@1))
                 	.ENDM
                 
                 	.MACRO __POINTD1FN
                 	LDI  R30,LOW(2*@0+(@1))
                 	LDI  R31,HIGH(2*@0+(@1))
                 	LDI  R22,BYTE3(2*@0+(@1))
                 	LDI  R23,BYTE4(2*@0+(@1))
                 	.ENDM
                 
                 	.MACRO __POINTB2MN
                 	LDI  R26,LOW(@0+(@1))
                 	.ENDM
                 
                 	.MACRO __POINTW2MN
                 	LDI  R26,LOW(@0+(@1))
                 	LDI  R27,HIGH(@0+(@1))
                 	.ENDM
                 
                 	.MACRO __POINTD2M
                 	LDI  R26,LOW(@0)
                 	LDI  R27,HIGH(@0)
                 	LDI  R24,BYTE3(@0)
                 	LDI  R25,BYTE4(@0)
                 	.ENDM
                 
                 	.MACRO __POINTW2FN
                 	LDI  R26,LOW(2*@0+(@1))
                 	LDI  R27,HIGH(2*@0+(@1))
                 	.ENDM
                 
                 	.MACRO __POINTD2FN
                 	LDI  R26,LOW(2*@0+(@1))
                 	LDI  R27,HIGH(2*@0+(@1))
                 	LDI  R24,BYTE3(2*@0+(@1))
                 	LDI  R25,BYTE4(2*@0+(@1))
                 	.ENDM
                 
                 	.MACRO __POINTBRM
                 	LDI  R@0,LOW(@1)
                 	.ENDM
                 
                 	.MACRO __POINTWRM
                 	LDI  R@0,LOW(@2)
                 	LDI  R@1,HIGH(@2)
                 	.ENDM
                 
                 	.MACRO __POINTBRMN
                 	LDI  R@0,LOW(@1+(@2))
                 	.ENDM
                 
                 	.MACRO __POINTWRMN
                 	LDI  R@0,LOW(@2+(@3))
                 	LDI  R@1,HIGH(@2+(@3))
                 	.ENDM
                 
                 	.MACRO __POINTWRFN
                 	LDI  R@0,LOW(@2*2+(@3))
                 	LDI  R@1,HIGH(@2*2+(@3))
                 	.ENDM
                 
                 	.MACRO __GETD1N
                 	LDI  R30,LOW(@0)
                 	LDI  R31,HIGH(@0)
                 	LDI  R22,BYTE3(@0)
                 	LDI  R23,BYTE4(@0)
                 	.ENDM
                 
                 	.MACRO __GETD2N
                 	LDI  R26,LOW(@0)
                 	LDI  R27,HIGH(@0)
                 	LDI  R24,BYTE3(@0)
                 	LDI  R25,BYTE4(@0)
                 	.ENDM
                 
                 	.MACRO __GETB1MN
                 	LDS  R30,@0+(@1)
                 	.ENDM
                 
                 	.MACRO __GETB1HMN
                 	LDS  R31,@0+(@1)
                 	.ENDM
                 
                 	.MACRO __GETW1MN
                 	LDS  R30,@0+(@1)
                 	LDS  R31,@0+(@1)+1
                 	.ENDM
                 
                 	.MACRO __GETD1MN
                 	LDS  R30,@0+(@1)
                 	LDS  R31,@0+(@1)+1
                 	LDS  R22,@0+(@1)+2
                 	LDS  R23,@0+(@1)+3
                 	.ENDM
                 
                 	.MACRO __GETBRMN
                 	LDS  R@0,@1+(@2)
                 	.ENDM
                 
                 	.MACRO __GETWRMN
                 	LDS  R@0,@2+(@3)
                 	LDS  R@1,@2+(@3)+1
                 	.ENDM
                 
                 	.MACRO __GETWRZ
                 	LDD  R@0,Z+@2
                 	LDD  R@1,Z+@2+1
                 	.ENDM
                 
                 	.MACRO __GETD2Z
                 	LDD  R26,Z+@0
                 	LDD  R27,Z+@0+1
                 	LDD  R24,Z+@0+2
                 	LDD  R25,Z+@0+3
                 	.ENDM
                 
                 	.MACRO __GETB2MN
                 	LDS  R26,@0+(@1)
                 	.ENDM
                 
                 	.MACRO __GETW2MN
                 	LDS  R26,@0+(@1)
                 	LDS  R27,@0+(@1)+1
                 	.ENDM
                 
                 	.MACRO __GETD2MN
                 	LDS  R26,@0+(@1)
                 	LDS  R27,@0+(@1)+1
                 	LDS  R24,@0+(@1)+2
                 	LDS  R25,@0+(@1)+3
                 	.ENDM
                 
                 	.MACRO __PUTB1MN
                 	STS  @0+(@1),R30
                 	.ENDM
                 
                 	.MACRO __PUTW1MN
                 	STS  @0+(@1),R30
                 	STS  @0+(@1)+1,R31
                 	.ENDM
                 
                 	.MACRO __PUTD1MN
                 	STS  @0+(@1),R30
                 	STS  @0+(@1)+1,R31
                 	STS  @0+(@1)+2,R22
                 	STS  @0+(@1)+3,R23
                 	.ENDM
                 
                 	.MACRO __PUTB1EN
                 	LDI  R26,LOW(@0+(@1))
                 	LDI  R27,HIGH(@0+(@1))
                 	CALL __EEPROMWRB
                 	.ENDM
                 
                 	.MACRO __PUTW1EN
                 	LDI  R26,LOW(@0+(@1))
                 	LDI  R27,HIGH(@0+(@1))
                 	CALL __EEPROMWRW
                 	.ENDM
                 
                 	.MACRO __PUTD1EN
                 	LDI  R26,LOW(@0+(@1))
                 	LDI  R27,HIGH(@0+(@1))
                 	CALL __EEPROMWRD
                 	.ENDM
                 
                 	.MACRO __PUTBR0MN
                 	STS  @0+(@1),R0
                 	.ENDM
                 
                 	.MACRO __PUTBMRN
                 	STS  @0+(@1),R@2
                 	.ENDM
                 
                 	.MACRO __PUTWMRN
                 	STS  @0+(@1),R@2
                 	STS  @0+(@1)+1,R@3
                 	.ENDM
                 
                 	.MACRO __PUTBZR
                 	STD  Z+@1,R@0
                 	.ENDM
                 
                 	.MACRO __PUTWZR
                 	STD  Z+@2,R@0
                 	STD  Z+@2+1,R@1
                 	.ENDM
                 
                 	.MACRO __GETW1R
                 	MOV  R30,R@0
                 	MOV  R31,R@1
                 	.ENDM
                 
                 	.MACRO __GETW2R
                 	MOV  R26,R@0
                 	MOV  R27,R@1
                 	.ENDM
                 
                 	.MACRO __GETWRN
                 	LDI  R@0,LOW(@2)
                 	LDI  R@1,HIGH(@2)
                 	.ENDM
                 
                 	.MACRO __PUTW1R
                 	MOV  R@0,R30
                 	MOV  R@1,R31
                 	.ENDM
                 
                 	.MACRO __PUTW2R
                 	MOV  R@0,R26
                 	MOV  R@1,R27
                 	.ENDM
                 
                 	.MACRO __ADDWRN
                 	SUBI R@0,LOW(-@2)
                 	SBCI R@1,HIGH(-@2)
                 	.ENDM
                 
                 	.MACRO __ADDWRR
                 	ADD  R@0,R@2
                 	ADC  R@1,R@3
                 	.ENDM
                 
                 	.MACRO __SUBWRN
                 	SUBI R@0,LOW(@2)
                 	SBCI R@1,HIGH(@2)
                 	.ENDM
                 
                 	.MACRO __SUBWRR
                 	SUB  R@0,R@2
                 	SBC  R@1,R@3
                 	.ENDM
                 
                 	.MACRO __ANDWRN
                 	ANDI R@0,LOW(@2)
                 	ANDI R@1,HIGH(@2)
                 	.ENDM
                 
                 	.MACRO __ANDWRR
                 	AND  R@0,R@2
                 	AND  R@1,R@3
                 	.ENDM
                 
                 	.MACRO __ORWRN
                 	ORI  R@0,LOW(@2)
                 	ORI  R@1,HIGH(@2)
                 	.ENDM
                 
                 	.MACRO __ORWRR
                 	OR   R@0,R@2
                 	OR   R@1,R@3
                 	.ENDM
                 
                 	.MACRO __EORWRR
                 	EOR  R@0,R@2
                 	EOR  R@1,R@3
                 	.ENDM
                 
                 	.MACRO __GETWRS
                 	LDD  R@0,Y+@2
                 	LDD  R@1,Y+@2+1
                 	.ENDM
                 
                 	.MACRO __PUTBSR
                 	STD  Y+@1,R@0
                 	.ENDM
                 
                 	.MACRO __PUTWSR
                 	STD  Y+@2,R@0
                 	STD  Y+@2+1,R@1
                 	.ENDM
                 
                 	.MACRO __MOVEWRR
                 	MOV  R@0,R@2
                 	MOV  R@1,R@3
                 	.ENDM
                 
                 	.MACRO __INWR
                 	IN   R@0,@2
                 	IN   R@1,@2+1
                 	.ENDM
                 
                 	.MACRO __OUTWR
                 	OUT  @2+1,R@1
                 	OUT  @2,R@0
                 	.ENDM
                 
                 	.MACRO __CALL1MN
                 	LDS  R30,@0+(@1)
                 	LDS  R31,@0+(@1)+1
                 	ICALL
                 	.ENDM
                 
                 	.MACRO __CALL1FN
                 	LDI  R30,LOW(2*@0+(@1))
                 	LDI  R31,HIGH(2*@0+(@1))
                 	CALL __GETW1PF
                 	ICALL
                 	.ENDM
                 
                 	.MACRO __CALL2EN
                 	PUSH R26
                 	PUSH R27
                 	LDI  R26,LOW(@0+(@1))
                 	LDI  R27,HIGH(@0+(@1))
                 	CALL __EEPROMRDW
                 	POP  R27
                 	POP  R26
                 	ICALL
                 	.ENDM
                 
                 	.MACRO __CALL2EX
                 	SUBI R26,LOW(-@0)
                 	SBCI R27,HIGH(-@0)
                 	CALL __EEPROMRDD
                 	ICALL
                 	.ENDM
                 
                 	.MACRO __GETW1STACK
                 	IN   R30,SPL
                 	IN   R31,SPH
                 	ADIW R30,@0+1
                 	LD   R0,Z+
                 	LD   R31,Z
                 	MOV  R30,R0
                 	.ENDM
                 
                 	.MACRO __GETD1STACK
                 	IN   R30,SPL
                 	IN   R31,SPH
                 	ADIW R30,@0+1
                 	LD   R0,Z+
                 	LD   R1,Z+
                 	LD   R22,Z
                 	MOVW R30,R0
                 	.ENDM
                 
                 	.MACRO __NBST
                 	BST  R@0,@1
                 	IN   R30,SREG
                 	LDI  R31,0x40
                 	EOR  R30,R31
                 	OUT  SREG,R30
                 	.ENDM
                 
                 
                 	.MACRO __PUTB1SN
                 	LDD  R26,Y+@0
                 	LDD  R27,Y+@0+1
                 	SUBI R26,LOW(-@1)
                 	SBCI R27,HIGH(-@1)
                 	ST   X,R30
                 	.ENDM
                 
                 	.MACRO __PUTW1SN
                 	LDD  R26,Y+@0
                 	LDD  R27,Y+@0+1
                 	SUBI R26,LOW(-@1)
                 	SBCI R27,HIGH(-@1)
                 	ST   X+,R30
                 	ST   X,R31
                 	.ENDM
                 
                 	.MACRO __PUTD1SN
                 	LDD  R26,Y+@0
                 	LDD  R27,Y+@0+1
                 	SUBI R26,LOW(-@1)
                 	SBCI R27,HIGH(-@1)
                 	CALL __PUTDP1
                 	.ENDM
                 
                 	.MACRO __PUTB1SNS
                 	LDD  R26,Y+@0
                 	LDD  R27,Y+@0+1
                 	ADIW R26,@1
                 	ST   X,R30
                 	.ENDM
                 
                 	.MACRO __PUTW1SNS
                 	LDD  R26,Y+@0
                 	LDD  R27,Y+@0+1
                 	ADIW R26,@1
                 	ST   X+,R30
                 	ST   X,R31
                 	.ENDM
                 
                 	.MACRO __PUTD1SNS
                 	LDD  R26,Y+@0
                 	LDD  R27,Y+@0+1
                 	ADIW R26,@1
                 	CALL __PUTDP1
                 	.ENDM
                 
                 	.MACRO __PUTB1PMN
                 	LDS  R26,@0
                 	LDS  R27,@0+1
                 	SUBI R26,LOW(-@1)
                 	SBCI R27,HIGH(-@1)
                 	ST   X,R30
                 	.ENDM
                 
                 	.MACRO __PUTW1PMN
                 	LDS  R26,@0
                 	LDS  R27,@0+1
                 	SUBI R26,LOW(-@1)
                 	SBCI R27,HIGH(-@1)
                 	ST   X+,R30
                 	ST   X,R31
                 	.ENDM
                 
                 	.MACRO __PUTD1PMN
                 	LDS  R26,@0
                 	LDS  R27,@0+1
                 	SUBI R26,LOW(-@1)
                 	SBCI R27,HIGH(-@1)
                 	CALL __PUTDP1
                 	.ENDM
                 
                 	.MACRO __PUTB1PMNS
                 	LDS  R26,@0
                 	LDS  R27,@0+1
                 	ADIW R26,@1
                 	ST   X,R30
                 	.ENDM
                 
                 	.MACRO __PUTW1PMNS
                 	LDS  R26,@0
                 	LDS  R27,@0+1
                 	ADIW R26,@1
                 	ST   X+,R30
                 	ST   X,R31
                 	.ENDM
                 
                 	.MACRO __PUTD1PMNS
                 	LDS  R26,@0
                 	LDS  R27,@0+1
                 	ADIW R26,@1
                 	CALL __PUTDP1
                 	.ENDM
                 
                 	.MACRO __PUTB1RN
                 	MOVW R26,R@0
                 	SUBI R26,LOW(-@1)
                 	SBCI R27,HIGH(-@1)
                 	ST   X,R30
                 	.ENDM
                 
                 	.MACRO __PUTW1RN
                 	MOVW R26,R@0
                 	SUBI R26,LOW(-@1)
                 	SBCI R27,HIGH(-@1)
                 	ST   X+,R30
                 	ST   X,R31
                 	.ENDM
                 
                 	.MACRO __PUTD1RN
                 	MOVW R26,R@0
                 	SUBI R26,LOW(-@1)
                 	SBCI R27,HIGH(-@1)
                 	CALL __PUTDP1
                 	.ENDM
                 
                 	.MACRO __PUTB1RNS
                 	MOVW R26,R@0
                 	ADIW R26,@1
                 	ST   X,R30
                 	.ENDM
                 
                 	.MACRO __PUTW1RNS
                 	MOVW R26,R@0
                 	ADIW R26,@1
                 	ST   X+,R30
                 	ST   X,R31
                 	.ENDM
                 
                 	.MACRO __PUTD1RNS
                 	MOVW R26,R@0
                 	ADIW R26,@1
                 	CALL __PUTDP1
                 	.ENDM
                 
                 	.MACRO __PUTB1RON
                 	MOV  R26,R@0
                 	MOV  R27,R@1
                 	SUBI R26,LOW(-@2)
                 	SBCI R27,HIGH(-@2)
                 	ST   X,R30
                 	.ENDM
                 
                 	.MACRO __PUTW1RON
                 	MOV  R26,R@0
                 	MOV  R27,R@1
                 	SUBI R26,LOW(-@2)
                 	SBCI R27,HIGH(-@2)
                 	ST   X+,R30
                 	ST   X,R31
                 	.ENDM
                 
                 	.MACRO __PUTD1RON
                 	MOV  R26,R@0
                 	MOV  R27,R@1
                 	SUBI R26,LOW(-@2)
                 	SBCI R27,HIGH(-@2)
                 	CALL __PUTDP1
                 	.ENDM
                 
                 	.MACRO __PUTB1RONS
                 	MOV  R26,R@0
                 	MOV  R27,R@1
                 	ADIW R26,@2
                 	ST   X,R30
                 	.ENDM
                 
                 	.MACRO __PUTW1RONS
                 	MOV  R26,R@0
                 	MOV  R27,R@1
                 	ADIW R26,@2
                 	ST   X+,R30
                 	ST   X,R31
                 	.ENDM
                 
                 	.MACRO __PUTD1RONS
                 	MOV  R26,R@0
                 	MOV  R27,R@1
                 	ADIW R26,@2
                 	CALL __PUTDP1
                 	.ENDM
                 
                 
                 	.MACRO __GETB1SX
                 	MOVW R30,R28
                 	SUBI R30,LOW(-@0)
                 	SBCI R31,HIGH(-@0)
                 	LD   R30,Z
                 	.ENDM
                 
                 	.MACRO __GETB1HSX
                 	MOVW R30,R28
                 	SUBI R30,LOW(-@0)
                 	SBCI R31,HIGH(-@0)
                 	LD   R31,Z
                 	.ENDM
                 
                 	.MACRO __GETW1SX
                 	MOVW R30,R28
                 	SUBI R30,LOW(-@0)
                 	SBCI R31,HIGH(-@0)
                 	LD   R0,Z+
                 	LD   R31,Z
                 	MOV  R30,R0
                 	.ENDM
                 
                 	.MACRO __GETD1SX
                 	MOVW R30,R28
                 	SUBI R30,LOW(-@0)
                 	SBCI R31,HIGH(-@0)
                 	LD   R0,Z+
                 	LD   R1,Z+
                 	LD   R22,Z+
                 	LD   R23,Z
                 	MOVW R30,R0
                 	.ENDM
                 
                 	.MACRO __GETB2SX
                 	MOVW R26,R28
                 	SUBI R26,LOW(-@0)
                 	SBCI R27,HIGH(-@0)
                 	LD   R26,X
                 	.ENDM
                 
                 	.MACRO __GETW2SX
                 	MOVW R26,R28
                 	SUBI R26,LOW(-@0)
                 	SBCI R27,HIGH(-@0)
                 	LD   R0,X+
                 	LD   R27,X
                 	MOV  R26,R0
                 	.ENDM
                 
                 	.MACRO __GETD2SX
                 	MOVW R26,R28
                 	SUBI R26,LOW(-@0)
                 	SBCI R27,HIGH(-@0)
                 	LD   R0,X+
                 	LD   R1,X+
                 	LD   R24,X+
                 	LD   R25,X
                 	MOVW R26,R0
                 	.ENDM
                 
                 	.MACRO __GETBRSX
                 	MOVW R30,R28
                 	SUBI R30,LOW(-@1)
                 	SBCI R31,HIGH(-@1)
                 	LD   R@0,Z
                 	.ENDM
                 
                 	.MACRO __GETWRSX
                 	MOVW R30,R28
                 	SUBI R30,LOW(-@2)
                 	SBCI R31,HIGH(-@2)
                 	LD   R@0,Z+
                 	LD   R@1,Z
                 	.ENDM
                 
                 	.MACRO __GETBRSX2
                 	MOVW R26,R28
                 	SUBI R26,LOW(-@1)
                 	SBCI R27,HIGH(-@1)
                 	LD   R@0,X
                 	.ENDM
                 
                 	.MACRO __GETWRSX2
                 	MOVW R26,R28
                 	SUBI R26,LOW(-@2)
                 	SBCI R27,HIGH(-@2)
                 	LD   R@0,X+
                 	LD   R@1,X
                 	.ENDM
                 
                 	.MACRO __LSLW8SX
                 	MOVW R30,R28
                 	SUBI R30,LOW(-@0)
                 	SBCI R31,HIGH(-@0)
                 	LD   R31,Z
                 	CLR  R30
                 	.ENDM
                 
                 	.MACRO __PUTB1SX
                 	MOVW R26,R28
                 	SUBI R26,LOW(-@0)
                 	SBCI R27,HIGH(-@0)
                 	ST   X,R30
                 	.ENDM
                 
                 	.MACRO __PUTW1SX
                 	MOVW R26,R28
                 	SUBI R26,LOW(-@0)
                 	SBCI R27,HIGH(-@0)
                 	ST   X+,R30
                 	ST   X,R31
                 	.ENDM
                 
                 	.MACRO __PUTD1SX
                 	MOVW R26,R28
                 	SUBI R26,LOW(-@0)
                 	SBCI R27,HIGH(-@0)
                 	ST   X+,R30
                 	ST   X+,R31
                 	ST   X+,R22
                 	ST   X,R23
                 	.ENDM
                 
                 	.MACRO __CLRW1SX
                 	MOVW R26,R28
                 	SUBI R26,LOW(-@0)
                 	SBCI R27,HIGH(-@0)
                 	ST   X+,R30
                 	ST   X,R30
                 	.ENDM
                 
                 	.MACRO __CLRD1SX
                 	MOVW R26,R28
                 	SUBI R26,LOW(-@0)
                 	SBCI R27,HIGH(-@0)
                 	ST   X+,R30
                 	ST   X+,R30
                 	ST   X+,R30
                 	ST   X,R30
                 	.ENDM
                 
                 	.MACRO __PUTB2SX
                 	MOVW R30,R28
                 	SUBI R30,LOW(-@0)
                 	SBCI R31,HIGH(-@0)
                 	ST   Z,R26
                 	.ENDM
                 
                 	.MACRO __PUTW2SX
                 	MOVW R30,R28
                 	SUBI R30,LOW(-@0)
                 	SBCI R31,HIGH(-@0)
                 	ST   Z+,R26
                 	ST   Z,R27
                 	.ENDM
                 
                 	.MACRO __PUTD2SX
                 	MOVW R30,R28
                 	SUBI R30,LOW(-@0)
                 	SBCI R31,HIGH(-@0)
                 	ST   Z+,R26
                 	ST   Z+,R27
                 	ST   Z+,R24
                 	ST   Z,R25
                 	.ENDM
                 
                 	.MACRO __PUTBSRX
                 	MOVW R30,R28
                 	SUBI R30,LOW(-@1)
                 	SBCI R31,HIGH(-@1)
                 	ST   Z,R@0
                 	.ENDM
                 
                 	.MACRO __PUTWSRX
                 	MOVW R30,R28
                 	SUBI R30,LOW(-@2)
                 	SBCI R31,HIGH(-@2)
                 	ST   Z+,R@0
                 	ST   Z,R@1
                 	.ENDM
                 
                 	.MACRO __PUTB1SNX
                 	MOVW R26,R28
                 	SUBI R26,LOW(-@0)
                 	SBCI R27,HIGH(-@0)
                 	LD   R0,X+
                 	LD   R27,X
                 	MOV  R26,R0
                 	SUBI R26,LOW(-@1)
                 	SBCI R27,HIGH(-@1)
                 	ST   X,R30
                 	.ENDM
                 
                 	.MACRO __PUTW1SNX
                 	MOVW R26,R28
                 	SUBI R26,LOW(-@0)
                 	SBCI R27,HIGH(-@0)
                 	LD   R0,X+
                 	LD   R27,X
                 	MOV  R26,R0
                 	SUBI R26,LOW(-@1)
                 	SBCI R27,HIGH(-@1)
                 	ST   X+,R30
                 	ST   X,R31
                 	.ENDM
                 
                 	.MACRO __PUTD1SNX
                 	MOVW R26,R28
                 	SUBI R26,LOW(-@0)
                 	SBCI R27,HIGH(-@0)
                 	LD   R0,X+
                 	LD   R27,X
                 	MOV  R26,R0
                 	SUBI R26,LOW(-@1)
                 	SBCI R27,HIGH(-@1)
                 	ST   X+,R30
                 	ST   X+,R31
                 	ST   X+,R22
                 	ST   X,R23
                 	.ENDM
                 
                 	.MACRO __MULBRR
                 	MULS R@0,R@1
                 	MOVW R30,R0
                 	.ENDM
                 
                 	.MACRO __MULBRRU
                 	MUL  R@0,R@1
                 	MOVW R30,R0
                 	.ENDM
                 
                 	.MACRO __MULBRR0
                 	MULS R@0,R@1
                 	.ENDM
                 
                 	.MACRO __MULBRRU0
                 	MUL  R@0,R@1
                 	.ENDM
                 
                 	.MACRO __MULBNWRU
                 	LDI  R26,@2
                 	MUL  R26,R@0
                 	MOVW R30,R0
                 	MUL  R26,R@1
                 	ADD  R31,R0
                 	.ENDM
                 
                 ;GPIOR0 INITIALIZATION VALUE
                 	.EQU __GPIOR0_INIT=0x00
                 
                 	.CSEG
                 	.ORG 0x00
                 
                 ;START OF CODE MARKER
                 __START_OF_CODE:
                 
                 ;INTERRUPT VECTORS
000000 940c 004d 	JMP  __RESET
000002 940c 0000 	JMP  0x00
000004 940c 0000 	JMP  0x00
000006 940c 0000 	JMP  0x00
000008 940c 0000 	JMP  0x00
00000a 940c 0000 	JMP  0x00
00000c 940c 0000 	JMP  0x00
00000e 940c 006d 	JMP  _timer2_compa_isr
000010 940c 0000 	JMP  0x00
000012 940c 0000 	JMP  0x00
000014 940c 0000 	JMP  0x00
000016 940c 0000 	JMP  0x00
000018 940c 0000 	JMP  0x00
00001a 940c 0000 	JMP  0x00
00001c 940c 0000 	JMP  0x00
00001e 940c 0000 	JMP  0x00
000020 940c 0000 	JMP  0x00
000022 940c 0000 	JMP  0x00
000024 940c 0000 	JMP  0x00
000026 940c 0000 	JMP  0x00
000028 940c 0000 	JMP  0x00
00002a 940c 0000 	JMP  0x00
00002c 940c 0000 	JMP  0x00
00002e 940c 0000 	JMP  0x00
000030 940c 0000 	JMP  0x00
000032 940c 0000 	JMP  0x00
                 
                 _0x3:
000034 0000
000035 0000      	.DB  0x0,0x0,0x0,0x0
                 _0x4:
000036 a666
000037 4382
000038 cccd
000039 4392      	.DB  0x66,0xA6,0x82,0x43,0xCD,0xCC,0x92,0x43
00003a cccd
00003b 43a4
00003c 999a
00003d 43ae      	.DB  0xCD,0xCC,0xA4,0x43,0x9A,0x99,0xAE,0x43
00003e f333
00003f 43c3
000040 0000
000041 43dc      	.DB  0x33,0xF3,0xC3,0x43,0x0,0x0,0xDC,0x43
000042 e666
000043 43f6
000044 cccd
000045 4402      	.DB  0x66,0xE6,0xF6,0x43,0xCD,0xCC,0x2,0x44
                 
                 __GLOBAL_INI_TBL:
000046 0004      	.DW  0x04
000047 0300      	.DW  _msec
000048 0068      	.DW  _0x3*2
                 
000049 0020      	.DW  0x20
00004a 0309      	.DW  _Frec
00004b 006c      	.DW  _0x4*2
                 
                 _0xFFFFFFFF:
00004c 0000      	.DW  0
                 
                 #define __GLOBAL_INI_TBL_PRESENT 1
                 
                 __RESET:
00004d 94f8      	CLI
00004e 27ee      	CLR  R30
00004f bbef      	OUT  EECR,R30
                 
                 ;INTERRUPT VECTORS ARE PLACED
                 ;AT THE START OF FLASH
000050 e0f1      	LDI  R31,1
000051 bff5      	OUT  MCUCR,R31
000052 bfe5      	OUT  MCUCR,R30
                 
                 ;GLOBAL VARIABLES INITIALIZATION
000053 e8ec      	LDI  R30,LOW(__GLOBAL_INI_TBL*2)
000054 e0f0      	LDI  R31,HIGH(__GLOBAL_INI_TBL*2)
                 __GLOBAL_INI_NEXT:
000055 9185      	LPM  R24,Z+
000056 9195      	LPM  R25,Z+
000057 9700      	SBIW R24,0
000058 f061      	BREQ __GLOBAL_INI_END
000059 91a5      	LPM  R26,Z+
00005a 91b5      	LPM  R27,Z+
00005b 9005      	LPM  R0,Z+
00005c 9015      	LPM  R1,Z+
00005d 01bf      	MOVW R22,R30
00005e 01f0      	MOVW R30,R0
                 __GLOBAL_INI_LOOP:
00005f 9005      	LPM  R0,Z+
000060 920d      	ST   X+,R0
000061 9701      	SBIW R24,1
000062 f7e1      	BRNE __GLOBAL_INI_LOOP
000063 01fb      	MOVW R30,R22
000064 cff0      	RJMP __GLOBAL_INI_NEXT
                 __GLOBAL_INI_END:
                 
                 ;HARDWARE STACK POINTER INITIALIZATION
000065 efef      	LDI  R30,LOW(__SRAM_END-__HEAP_SIZE)
000066 bfed      	OUT  SPL,R30
000067 e0e8      	LDI  R30,HIGH(__SRAM_END-__HEAP_SIZE)
000068 bfee      	OUT  SPH,R30
                 
                 ;DATA STACK POINTER INITIALIZATION
000069 e0c0      	LDI  R28,LOW(__SRAM_START+__DSTACK_SIZE)
00006a e0d3      	LDI  R29,HIGH(__SRAM_START+__DSTACK_SIZE)
                 
00006b 940c 00c6 	JMP  _main
                 
                 	.ESEG
                 	.ORG 0x00
                 
                 	.DSEG
                 	.ORG 0x300
                 
                 	.CSEG
                 ;/*
                 ; * Pianito_Tarea.c
                 ; *
                 ; * Created: 13/03/2018 12:27:10 p. m.
                 ; * Author: barby
                 ; */
                 ;
                 ;#include <mega328p.h>
                 	#ifndef __SLEEP_DEFINED__
                 	#define __SLEEP_DEFINED__
                 	.EQU __se_bit=0x01
                 	.EQU __sm_mask=0x0E
                 	.EQU __sm_adc_noise_red=0x02
                 	.EQU __sm_powerdown=0x04
                 	.EQU __sm_powersave=0x06
                 	.EQU __sm_standby=0x0C
                 	.EQU __sm_ext_standby=0x0E
                 	.SET power_ctrl_reg=smcr
                 	#endif
                 ;#include <delay.h>
                 ;#include <io.h>
                 ;
                 ;unsigned long int msec=0,temp;
                 
                 	.DSEG
                 ;unsigned char i;
                 ;
                 ;float Frec[8]={261.3,293.6,329.6,349.2,391.9,440,493.8,523.2};
                 ;unsigned char j; //Contador de notas almacenadas
                 ;unsigned char Notas [100]; //Arreglo de notas
                 ;unsigned char Tiempo [100]; //Tiempo de las notas
                 ;
                 ;// Timer2 output compare interrupt service routine
                 ;interrupt [TIM2_COMPA] void timer2_compa_isr(void)
                 ; 0000 0016 {
                 
                 	.CSEG
                 _timer2_compa_isr:
                 ; .FSTART _timer2_compa_isr
00006d 936a      	ST   -Y,R22
00006e 937a      	ST   -Y,R23
00006f 93aa      	ST   -Y,R26
000070 93ba      	ST   -Y,R27
000071 93ea      	ST   -Y,R30
000072 93fa      	ST   -Y,R31
000073 b7ef      	IN   R30,SREG
000074 93ea      	ST   -Y,R30
                 ; 0000 0017   msec++;
000075 e0a0      	LDI  R26,LOW(_msec)
000076 e0b3      	LDI  R27,HIGH(_msec)
000077 d0d4      	RCALL __GETD1P_INC
                +
000078 5fef     +SUBI R30 , LOW ( - 1 )
000079 4fff     +SBCI R31 , HIGH ( - 1 )
00007a 4f6f     +SBCI R22 , BYTE3 ( - 1 )
00007b 4f7f     +SBCI R23 , BYTE4 ( - 1 )
                 	__SUBD1N -1
00007c d0d4      	RCALL __PUTDP1_DEC
                 ; 0000 0018 }
00007d 91e9      	LD   R30,Y+
00007e bfef      	OUT  SREG,R30
00007f 91f9      	LD   R31,Y+
000080 91e9      	LD   R30,Y+
000081 91b9      	LD   R27,Y+
000082 91a9      	LD   R26,Y+
000083 9179      	LD   R23,Y+
000084 9169      	LD   R22,Y+
000085 9518      	RETI
                 ; .FEND
                 ;
                 ;void Tono (float Frecuencia)
                 ; 0000 001B {
                 _Tono:
                 ; .FSTART _Tono
                 ; 0000 001C     float Cuentas;
                 ; 0000 001D     unsigned int CuentasEnteras;
                 ; 0000 001E 
                 ; 0000 001F     TCCR1A=0x40;    //Salida en OC1A
000086 d0cf      	RCALL __PUTPARD2
000087 9724      	SBIW R28,4
000088 931a      	ST   -Y,R17
000089 930a      	ST   -Y,R16
                 ;	Frecuencia -> Y+6
                 ;	Cuentas -> Y+2
                 ;	CuentasEnteras -> R16,R17
00008a e4e0      	LDI  R30,LOW(64)
00008b 93e0 0080 	STS  128,R30
                 ; 0000 0020     TCCR1B=0x09;    //Modo de CTC sin pre-escalador
00008d e0e9      	LDI  R30,LOW(9)
00008e 93e0 0081 	STS  129,R30
                 ; 0000 0021 
                 ; 0000 0022     Cuentas=500000.0/Frecuencia;
                +
000090 81ee     +LDD R30 , Y + 6
000091 81ff     +LDD R31 , Y + 6 + 1
000092 8568     +LDD R22 , Y + 6 + 2
000093 8579     +LDD R23 , Y + 6 + 3
                 	__GETD1S 6
                +
000094 e0a0     +LDI R26 , LOW ( 0x48F42400 )
000095 e2b4     +LDI R27 , HIGH ( 0x48F42400 )
000096 ef84     +LDI R24 , BYTE3 ( 0x48F42400 )
000097 e498     +LDI R25 , BYTE4 ( 0x48F42400 )
                 	__GETD2N 0x48F42400
000098 d1b9      	RCALL __DIVF21
                +
000099 83ea     +STD Y + 2 , R30
00009a 83fb     +STD Y + 2 + 1 , R31
00009b 836c     +STD Y + 2 + 2 , R22
00009c 837d     +STD Y + 2 + 3 , R23
                 	__PUTD1S 2
                 ; 0000 0023     CuentasEnteras=Cuentas;
00009d d0f7      	RCALL __CFD1U
00009e 018f      	MOVW R16,R30
                 ; 0000 0024         if((Cuentas-CuentasEnteras)>=0.5)
                +
00009f 81aa     +LDD R26 , Y + 2
0000a0 81bb     +LDD R27 , Y + 2 + 1
0000a1 818c     +LDD R24 , Y + 2 + 2
0000a2 819d     +LDD R25 , Y + 2 + 3
                 	__GETD2S 2
0000a3 2766      	CLR  R22
0000a4 2777      	CLR  R23
0000a5 d128      	RCALL __CDF1
0000a6 d0b4      	RCALL __SWAPD12
0000a7 d159      	RCALL __SUBF12
0000a8 01df      	MOVW R26,R30
0000a9 01cb      	MOVW R24,R22
                +
0000aa e0e0     +LDI R30 , LOW ( 0x3F000000 )
0000ab e0f0     +LDI R31 , HIGH ( 0x3F000000 )
0000ac e060     +LDI R22 , BYTE3 ( 0x3F000000 )
0000ad e37f     +LDI R23 , BYTE4 ( 0x3F000000 )
                 	__GETD1N 0x3F000000
0000ae d1e7      	RCALL __CMPF12
0000af f010      	BRLO _0x5
                 ; 0000 0025             CuentasEnteras++;
                +
0000b0 5f0f     +SUBI R16 , LOW ( - 1 )
0000b1 4f1f     +SBCI R17 , HIGH ( - 1 )
                 	__ADDWRN 16,17,1
                 ; 0000 0026 
                 ; 0000 0027         OCR1AH=(CuentasEnteras-1)/256;
                 _0x5:
0000b2 01f8      	MOVW R30,R16
0000b3 9731      	SBIW R30,1
0000b4 2fef      	MOV  R30,R31
0000b5 e0f0      	LDI  R31,0
0000b6 93e0 0089 	STS  137,R30
                 ; 0000 0028         OCR1AL=(CuentasEnteras-1)%256;
0000b8 2fe0      	MOV  R30,R16
0000b9 50e1      	SUBI R30,LOW(1)
0000ba 93e0 0088 	STS  136,R30
                 ; 0000 0029 }
0000bc 8119      	LDD  R17,Y+1
0000bd 8108      	LDD  R16,Y+0
0000be 962a      	ADIW R28,10
0000bf 9508      	RET
                 ; .FEND
                 ;
                 ;void noTono ()
                 ; 0000 002C {
                 _noTono:
                 ; .FSTART _noTono
                 ; 0000 002D     TCCR1A=0;   //Desconecta
0000c0 e0e0      	LDI  R30,LOW(0)
0000c1 93e0 0080 	STS  128,R30
                 ; 0000 002E     PORTB.1=0;  //Apaga timer
0000c3 9829      	CBI  0x5,1
                 ; 0000 002F     PORTB.1=0; //Si solo dejo PORTB.1=0; el programa no me hará caso porque este regitro tienen un 40 (ese pin es toggle ...
0000c4 9829      	CBI  0x5,1
                 ; 0000 0030 }
0000c5 9508      	RET
                 ; .FEND
                 ;
                 ;void main(void)
                 ; 0000 0033 {
                 _main:
                 ; .FSTART _main
                 ; 0000 0034     PORTD=0xFF; //Pull-up de PD0 a PD7 switches
0000c6 efef      	LDI  R30,LOW(255)
0000c7 b9eb      	OUT  0xB,R30
                 ; 0000 0035     DDRB.1=1; //PB1 de salida
0000c8 9a21      	SBI  0x4,1
                 ; 0000 0036 
                 ; 0000 0037     TCCR2A=0x02;
0000c9 e0e2      	LDI  R30,LOW(2)
0000ca 93e0 00b0 	STS  176,R30
                 ; 0000 0038     TCCR2B=0x02;
0000cc 93e0 00b1 	STS  177,R30
                 ; 0000 0039     OCR2A=124;
0000ce e7ec      	LDI  R30,LOW(124)
0000cf 93e0 00b3 	STS  179,R30
                 ; 0000 003A     TIMSK2=0x02;
0000d1 e0e2      	LDI  R30,LOW(2)
0000d2 93e0 0070 	STS  112,R30
                 ; 0000 003B     #asm("sei")
0000d4 9478      	SEI
                 ; 0000 003C     j=0;
0000d5 e0e0      	LDI  R30,LOW(0)
0000d6 93e0 0329 	STS  _j,R30
                 ; 0000 003D 
                 ; 0000 003E 
                 ; 0000 003F while (1)
                 _0xC:
                 ; 0000 0040     {
                 ; 0000 0041         for (i=0; i<8;i++)
0000d8 e0e0      	LDI  R30,LOW(0)
0000d9 93e0 0308 	STS  _i,R30
                 _0x10:
0000db 91a0 0308 	LDS  R26,_i
0000dd 30a8      	CPI  R26,LOW(0x8)
0000de f5f0      	BRSH _0x11
                 ; 0000 0042         {
                 ; 0000 0043             if(((PIND>>i)&0x01)==0)   //PIND.i==0
0000df d03f      	RCALL SUBOPT_0x0
0000e0 f5b1      	BRNE _0x12
                 ; 0000 0044             {
                 ; 0000 0045                 //Aquí no pongo los delay porque tardaré en hacerle caso al usuario
                 ; 0000 0046                 Tono(Frec[0]);
0000e1 91a0 0309 	LDS  R26,_Frec
0000e3 91b0 030a 	LDS  R27,_Frec+1
0000e5 9180 030b 	LDS  R24,_Frec+2
0000e7 9190 030c 	LDS  R25,_Frec+3
0000e9 df9c      	RCALL _Tono
                 ; 0000 0047                 delay_ms(30);
0000ea e1ae      	LDI  R26,LOW(30)
0000eb d03b      	RCALL SUBOPT_0x1
                 ; 0000 0048                 Notas[j]=i;
0000ec e0f0      	LDI  R31,0
0000ed 5de6      	SUBI R30,LOW(-_Notas)
0000ee 4ffc      	SBCI R31,HIGH(-_Notas)
0000ef 91a0 0308 	LDS  R26,_i
0000f1 83a0      	STD  Z+0,R26
                 ; 0000 0049                 temp=msec;
0000f2 91e0 0300 	LDS  R30,_msec
0000f4 91f0 0301 	LDS  R31,_msec+1
0000f6 9160 0302 	LDS  R22,_msec+2
0000f8 9170 0303 	LDS  R23,_msec+3
0000fa 93e0 0304 	STS  _temp,R30
0000fc 93f0 0305 	STS  _temp+1,R31
0000fe 9360 0306 	STS  _temp+2,R22
000100 9370 0307 	STS  _temp+3,R23
                 ; 0000 004A                 while(((PIND>>i)&0x01)==0); //Esperar hasta que deja de presionar
                 _0x13:
000102 d01c      	RCALL SUBOPT_0x0
000103 f3f1      	BREQ _0x13
                 ; 0000 004B                 Tiempo[j]=msec-temp;
000104 91e0 0329 	LDS  R30,_j
000106 e0f0      	LDI  R31,0
000107 57e2      	SUBI R30,LOW(-_Tiempo)
000108 4ffc      	SBCI R31,HIGH(-_Tiempo)
000109 010f      	MOVW R0,R30
00010a 91a0 0304 	LDS  R26,_temp
00010c 91e0 0300 	LDS  R30,_msec
00010e 1bea      	SUB  R30,R26
00010f 01d0      	MOVW R26,R0
000110 93ec      	ST   X,R30
                 ; 0000 004C                 noTono();
000111 dfae      	RCALL _noTono
                 ; 0000 004D                 //Aquí pongo el delay ¡Woohoo!
                 ; 0000 004E                 delay_ms(10);
000112 e0aa      	LDI  R26,LOW(10)
000113 d013      	RCALL SUBOPT_0x1
                 ; 0000 004F                 j++;
000114 5fef      	SUBI R30,-LOW(1)
000115 93e0 0329 	STS  _j,R30
                 ; 0000 0050             }
                 ; 0000 0051 
                 ; 0000 0052          }
                 _0x12:
000117 91e0 0308 	LDS  R30,_i
000119 5fef      	SUBI R30,-LOW(1)
00011a 93e0 0308 	STS  _i,R30
00011c cfbe      	RJMP _0x10
                 _0x11:
                 ; 0000 0053 
                 ; 0000 0054          //Revisar botón de clear (si está presionado: borro  j=0;)
                 ; 0000 0055          //Revisar el botón de PLAY (Si está presionado reproducir canción)
                 ; 0000 0056          //de k=0 a j-1
                 ; 0000 0057     }
00011d cfba      	RJMP _0xC
                 ; 0000 0058 }
                 _0x16:
00011e cfff      	RJMP _0x16
                 ; .FEND
                 
                 	.DSEG
                 _msec:
000300           	.BYTE 0x4
                 _temp:
000304           	.BYTE 0x4
                 _i:
000308           	.BYTE 0x1
                 _Frec:
000309           	.BYTE 0x20
                 _j:
000329           	.BYTE 0x1
                 _Notas:
00032a           	.BYTE 0x64
                 _Tiempo:
00038e           	.BYTE 0x64
                 
                 	.CSEG
                 ;OPTIMIZER ADDED SUBROUTINE, CALLED 2 TIMES, CODE SIZE REDUCTION:4 WORDS
                 SUBOPT_0x0:
00011f b1e9      	IN   R30,0x9
000120 e0f0      	LDI  R31,0
000121 01df      	MOVW R26,R30
000122 91e0 0308 	LDS  R30,_i
000124 d00f      	RCALL __ASRW12
000125 70e1      	ANDI R30,LOW(0x1)
000126 9508      	RET
                 
                 ;OPTIMIZER ADDED SUBROUTINE, CALLED 2 TIMES, CODE SIZE REDUCTION:1 WORDS
                 SUBOPT_0x1:
000127 e0b0      	LDI  R27,0
000128 d18d      	RCALL _delay_ms
000129 91e0 0329 	LDS  R30,_j
00012b 9508      	RET
                 
                 ;RUNTIME LIBRARY
                 
                 	.CSEG
                 __ANEGD1:
00012c 95f0      	COM  R31
00012d 9560      	COM  R22
00012e 9570      	COM  R23
00012f 95e1      	NEG  R30
000130 4fff      	SBCI R31,-1
000131 4f6f      	SBCI R22,-1
000132 4f7f      	SBCI R23,-1
000133 9508      	RET
                 
                 __ASRW12:
000134 23ee      	TST  R30
000135 2e0e      	MOV  R0,R30
000136 e0e8      	LDI  R30,8
000137 2e1e      	MOV  R1,R30
000138 01fd      	MOVW R30,R26
000139 f061      	BREQ __ASRW12R
                 __ASRW12S8:
00013a 1401      	CP   R0,R1
00013b f030      	BRLO __ASRW12L
00013c 2fef      	MOV  R30,R31
00013d e0f0      	LDI  R31,0
00013e fde7      	SBRC R30,7
00013f efff      	LDI  R31,0xFF
000140 1801      	SUB  R0,R1
000141 f021      	BREQ __ASRW12R
                 __ASRW12L:
000142 95f5      	ASR  R31
000143 95e7      	ROR  R30
000144 940a      	DEC  R0
000145 f7e1      	BRNE __ASRW12L
                 __ASRW12R:
000146 9508      	RET
                 
                 __CWD1:
000147 2f6f      	MOV  R22,R31
000148 0f66      	ADD  R22,R22
000149 0b66      	SBC  R22,R22
00014a 2f76      	MOV  R23,R22
00014b 9508      	RET
                 
                 __GETD1P_INC:
00014c 91ed      	LD   R30,X+
00014d 91fd      	LD   R31,X+
00014e 916d      	LD   R22,X+
00014f 917d      	LD   R23,X+
000150 9508      	RET
                 
                 __PUTDP1_DEC:
000151 937e      	ST   -X,R23
000152 936e      	ST   -X,R22
000153 93fe      	ST   -X,R31
000154 93ee      	ST   -X,R30
000155 9508      	RET
                 
                 __PUTPARD2:
000156 939a      	ST   -Y,R25
000157 938a      	ST   -Y,R24
000158 93ba      	ST   -Y,R27
000159 93aa      	ST   -Y,R26
00015a 9508      	RET
                 
                 __SWAPD12:
00015b 2e18      	MOV  R1,R24
00015c 2f86      	MOV  R24,R22
00015d 2d61      	MOV  R22,R1
00015e 2e19      	MOV  R1,R25
00015f 2f97      	MOV  R25,R23
000160 2d71      	MOV  R23,R1
                 
                 __SWAPW12:
000161 2e1b      	MOV  R1,R27
000162 2fbf      	MOV  R27,R31
000163 2df1      	MOV  R31,R1
                 
                 __SWAPB12:
000164 2e1a      	MOV  R1,R26
000165 2fae      	MOV  R26,R30
000166 2de1      	MOV  R30,R1
000167 9508      	RET
                 
                 __ROUND_REPACK:
000168 2355      	TST  R21
000169 f442      	BRPL __REPACK
00016a 3850      	CPI  R21,0x80
00016b f411      	BRNE __ROUND_REPACK0
00016c ffe0      	SBRS R30,0
00016d c004      	RJMP __REPACK
                 __ROUND_REPACK0:
00016e 9631      	ADIW R30,1
00016f 1f69      	ADC  R22,R25
000170 1f79      	ADC  R23,R25
000171 f06b      	BRVS __REPACK1
                 
                 __REPACK:
000172 e850      	LDI  R21,0x80
000173 2757      	EOR  R21,R23
000174 f411      	BRNE __REPACK0
000175 935f      	PUSH R21
000176 c0ca      	RJMP __ZERORES
                 __REPACK0:
000177 3f5f      	CPI  R21,0xFF
000178 f031      	BREQ __REPACK1
000179 0f66      	LSL  R22
00017a 0c00      	LSL  R0
00017b 9557      	ROR  R21
00017c 9567      	ROR  R22
00017d 2f75      	MOV  R23,R21
00017e 9508      	RET
                 __REPACK1:
00017f 935f      	PUSH R21
000180 2000      	TST  R0
000181 f00a      	BRMI __REPACK2
000182 c0c9      	RJMP __MAXRES
                 __REPACK2:
000183 c0c2      	RJMP __MINRES
                 
                 __UNPACK:
000184 e850      	LDI  R21,0x80
000185 2e19      	MOV  R1,R25
000186 2215      	AND  R1,R21
000187 0f88      	LSL  R24
000188 1f99      	ROL  R25
000189 2795      	EOR  R25,R21
00018a 0f55      	LSL  R21
00018b 9587      	ROR  R24
                 
                 __UNPACK1:
00018c e850      	LDI  R21,0x80
00018d 2e07      	MOV  R0,R23
00018e 2205      	AND  R0,R21
00018f 0f66      	LSL  R22
000190 1f77      	ROL  R23
000191 2775      	EOR  R23,R21
000192 0f55      	LSL  R21
000193 9567      	ROR  R22
000194 9508      	RET
                 
                 __CFD1U:
000195 9468      	SET
000196 c001      	RJMP __CFD1U0
                 __CFD1:
000197 94e8      	CLT
                 __CFD1U0:
000198 935f      	PUSH R21
000199 dff2      	RCALL __UNPACK1
00019a 3870      	CPI  R23,0x80
00019b f018      	BRLO __CFD10
00019c 3f7f      	CPI  R23,0xFF
00019d f408      	BRCC __CFD10
00019e c0a2      	RJMP __ZERORES
                 __CFD10:
00019f e156      	LDI  R21,22
0001a0 1b57      	SUB  R21,R23
0001a1 f4aa      	BRPL __CFD11
0001a2 9551      	NEG  R21
0001a3 3058      	CPI  R21,8
0001a4 f40e      	BRTC __CFD19
0001a5 3059      	CPI  R21,9
                 __CFD19:
0001a6 f030      	BRLO __CFD17
0001a7 efef      	SER  R30
0001a8 efff      	SER  R31
0001a9 ef6f      	SER  R22
0001aa e77f      	LDI  R23,0x7F
0001ab f977      	BLD  R23,7
0001ac c01a      	RJMP __CFD15
                 __CFD17:
0001ad 2777      	CLR  R23
0001ae 2355      	TST  R21
0001af f0b9      	BREQ __CFD15
                 __CFD18:
0001b0 0fee      	LSL  R30
0001b1 1fff      	ROL  R31
0001b2 1f66      	ROL  R22
0001b3 1f77      	ROL  R23
0001b4 955a      	DEC  R21
0001b5 f7d1      	BRNE __CFD18
0001b6 c010      	RJMP __CFD15
                 __CFD11:
0001b7 2777      	CLR  R23
                 __CFD12:
0001b8 3058      	CPI  R21,8
0001b9 f028      	BRLO __CFD13
0001ba 2fef      	MOV  R30,R31
0001bb 2ff6      	MOV  R31,R22
0001bc 2f67      	MOV  R22,R23
0001bd 5058      	SUBI R21,8
0001be cff9      	RJMP __CFD12
                 __CFD13:
0001bf 2355      	TST  R21
0001c0 f031      	BREQ __CFD15
                 __CFD14:
0001c1 9576      	LSR  R23
0001c2 9567      	ROR  R22
0001c3 95f7      	ROR  R31
0001c4 95e7      	ROR  R30
0001c5 955a      	DEC  R21
0001c6 f7d1      	BRNE __CFD14
                 __CFD15:
0001c7 2000      	TST  R0
0001c8 f40a      	BRPL __CFD16
0001c9 df62      	RCALL __ANEGD1
                 __CFD16:
0001ca 915f      	POP  R21
0001cb 9508      	RET
                 
                 __CDF1U:
0001cc 9468      	SET
0001cd c001      	RJMP __CDF1U0
                 __CDF1:
0001ce 94e8      	CLT
                 __CDF1U0:
0001cf 9730      	SBIW R30,0
0001d0 4060      	SBCI R22,0
0001d1 4070      	SBCI R23,0
0001d2 f0b1      	BREQ __CDF10
0001d3 2400      	CLR  R0
0001d4 f026      	BRTS __CDF11
0001d5 2377      	TST  R23
0001d6 f412      	BRPL __CDF11
0001d7 9400      	COM  R0
0001d8 df53      	RCALL __ANEGD1
                 __CDF11:
0001d9 2e17      	MOV  R1,R23
0001da e17e      	LDI  R23,30
0001db 2011      	TST  R1
                 __CDF12:
0001dc f032      	BRMI __CDF13
0001dd 957a      	DEC  R23
0001de 0fee      	LSL  R30
0001df 1fff      	ROL  R31
0001e0 1f66      	ROL  R22
0001e1 1c11      	ROL  R1
0001e2 cff9      	RJMP __CDF12
                 __CDF13:
0001e3 2fef      	MOV  R30,R31
0001e4 2ff6      	MOV  R31,R22
0001e5 2d61      	MOV  R22,R1
0001e6 935f      	PUSH R21
0001e7 df8a      	RCALL __REPACK
0001e8 915f      	POP  R21
                 __CDF10:
0001e9 9508      	RET
                 
                 __SWAPACC:
0001ea 934f      	PUSH R20
0001eb 01af      	MOVW R20,R30
0001ec 01fd      	MOVW R30,R26
0001ed 01da      	MOVW R26,R20
0001ee 01ab      	MOVW R20,R22
0001ef 01bc      	MOVW R22,R24
0001f0 01ca      	MOVW R24,R20
0001f1 2d40      	MOV  R20,R0
0001f2 2c01      	MOV  R0,R1
0001f3 2e14      	MOV  R1,R20
0001f4 914f      	POP  R20
0001f5 9508      	RET
                 
                 __UADD12:
0001f6 0fea      	ADD  R30,R26
0001f7 1ffb      	ADC  R31,R27
0001f8 1f68      	ADC  R22,R24
0001f9 9508      	RET
                 
                 __NEGMAN1:
0001fa 95e0      	COM  R30
0001fb 95f0      	COM  R31
0001fc 9560      	COM  R22
0001fd 5fef      	SUBI R30,-1
0001fe 4fff      	SBCI R31,-1
0001ff 4f6f      	SBCI R22,-1
000200 9508      	RET
                 
                 __SUBF12:
000201 935f      	PUSH R21
000202 df81      	RCALL __UNPACK
000203 3890      	CPI  R25,0x80
000204 f149      	BREQ __ADDF129
000205 e850      	LDI  R21,0x80
000206 2615      	EOR  R1,R21
                 
                 __ADDF120:
000207 3870      	CPI  R23,0x80
000208 f121      	BREQ __ADDF128
                 __ADDF121:
000209 2f57      	MOV  R21,R23
00020a 1b59      	SUB  R21,R25
00020b f12b      	BRVS __ADDF1211
00020c f412      	BRPL __ADDF122
00020d dfdc      	RCALL __SWAPACC
00020e cffa      	RJMP __ADDF121
                 __ADDF122:
00020f 3158      	CPI  R21,24
000210 f018      	BRLO __ADDF123
000211 27aa      	CLR  R26
000212 27bb      	CLR  R27
000213 2788      	CLR  R24
                 __ADDF123:
000214 3058      	CPI  R21,8
000215 f028      	BRLO __ADDF124
000216 2fab      	MOV  R26,R27
000217 2fb8      	MOV  R27,R24
000218 2788      	CLR  R24
000219 5058      	SUBI R21,8
00021a cff9      	RJMP __ADDF123
                 __ADDF124:
00021b 2355      	TST  R21
00021c f029      	BREQ __ADDF126
                 __ADDF125:
00021d 9586      	LSR  R24
00021e 95b7      	ROR  R27
00021f 95a7      	ROR  R26
000220 955a      	DEC  R21
000221 f7d9      	BRNE __ADDF125
                 __ADDF126:
000222 2d50      	MOV  R21,R0
000223 2551      	EOR  R21,R1
000224 f072      	BRMI __ADDF127
000225 dfd0      	RCALL __UADD12
000226 f438      	BRCC __ADDF129
000227 9567      	ROR  R22
000228 95f7      	ROR  R31
000229 95e7      	ROR  R30
00022a 9573      	INC  R23
00022b f413      	BRVC __ADDF129
00022c c01f      	RJMP __MAXRES
                 __ADDF128:
00022d dfbc      	RCALL __SWAPACC
                 __ADDF129:
00022e df43      	RCALL __REPACK
00022f 915f      	POP  R21
000230 9508      	RET
                 __ADDF1211:
000231 f7d8      	BRCC __ADDF128
000232 cffb      	RJMP __ADDF129
                 __ADDF127:
000233 1bea      	SUB  R30,R26
000234 0bfb      	SBC  R31,R27
000235 0b68      	SBC  R22,R24
000236 f051      	BREQ __ZERORES
000237 f410      	BRCC __ADDF1210
000238 9400      	COM  R0
000239 dfc0      	RCALL __NEGMAN1
                 __ADDF1210:
00023a 2366      	TST  R22
00023b f392      	BRMI __ADDF129
00023c 0fee      	LSL  R30
00023d 1fff      	ROL  R31
00023e 1f66      	ROL  R22
00023f 957a      	DEC  R23
000240 f7cb      	BRVC __ADDF1210
                 
                 __ZERORES:
000241 27ee      	CLR  R30
000242 27ff      	CLR  R31
000243 01bf      	MOVW R22,R30
000244 915f      	POP  R21
000245 9508      	RET
                 
                 __MINRES:
000246 efef      	SER  R30
000247 efff      	SER  R31
000248 e76f      	LDI  R22,0x7F
000249 ef7f      	SER  R23
00024a 915f      	POP  R21
00024b 9508      	RET
                 
                 __MAXRES:
00024c efef      	SER  R30
00024d efff      	SER  R31
00024e e76f      	LDI  R22,0x7F
00024f e77f      	LDI  R23,0x7F
000250 915f      	POP  R21
000251 9508      	RET
                 
                 __DIVF21:
000252 935f      	PUSH R21
000253 df30      	RCALL __UNPACK
000254 3870      	CPI  R23,0x80
000255 f421      	BRNE __DIVF210
000256 2011      	TST  R1
                 __DIVF211:
000257 f40a      	BRPL __DIVF219
000258 cfed      	RJMP __MINRES
                 __DIVF219:
000259 cff2      	RJMP __MAXRES
                 __DIVF210:
00025a 3890      	CPI  R25,0x80
00025b f409      	BRNE __DIVF218
                 __DIVF217:
00025c cfe4      	RJMP __ZERORES
                 __DIVF218:
00025d 2401      	EOR  R0,R1
00025e 9408      	SEC
00025f 0b97      	SBC  R25,R23
000260 f41b      	BRVC __DIVF216
000261 f3d4      	BRLT __DIVF217
000262 2000      	TST  R0
000263 cff3      	RJMP __DIVF211
                 __DIVF216:
000264 2f79      	MOV  R23,R25
000265 931f      	PUSH R17
000266 932f      	PUSH R18
000267 933f      	PUSH R19
000268 934f      	PUSH R20
000269 2411      	CLR  R1
00026a 2711      	CLR  R17
00026b 2722      	CLR  R18
00026c 2733      	CLR  R19
00026d 01a9      	MOVW R20,R18
00026e e290      	LDI  R25,32
                 __DIVF212:
00026f 17ae      	CP   R26,R30
000270 07bf      	CPC  R27,R31
000271 0786      	CPC  R24,R22
000272 0741      	CPC  R20,R17
000273 f030      	BRLO __DIVF213
000274 1bae      	SUB  R26,R30
000275 0bbf      	SBC  R27,R31
000276 0b86      	SBC  R24,R22
000277 0b41      	SBC  R20,R17
000278 9408      	SEC
000279 c001      	RJMP __DIVF214
                 __DIVF213:
00027a 9488      	CLC
                 __DIVF214:
00027b 1f55      	ROL  R21
00027c 1f22      	ROL  R18
00027d 1f33      	ROL  R19
00027e 1c11      	ROL  R1
00027f 1faa      	ROL  R26
000280 1fbb      	ROL  R27
000281 1f88      	ROL  R24
000282 1f44      	ROL  R20
000283 959a      	DEC  R25
000284 f751      	BRNE __DIVF212
000285 01f9      	MOVW R30,R18
000286 2d61      	MOV  R22,R1
000287 914f      	POP  R20
000288 913f      	POP  R19
000289 912f      	POP  R18
00028a 911f      	POP  R17
00028b 2366      	TST  R22
00028c f032      	BRMI __DIVF215
00028d 0f55      	LSL  R21
00028e 1fee      	ROL  R30
00028f 1fff      	ROL  R31
000290 1f66      	ROL  R22
000291 957a      	DEC  R23
000292 f24b      	BRVS __DIVF217
                 __DIVF215:
000293 ded4      	RCALL __ROUND_REPACK
000294 915f      	POP  R21
000295 9508      	RET
                 
                 __CMPF12:
000296 2399      	TST  R25
000297 f09a      	BRMI __CMPF120
000298 2377      	TST  R23
000299 f042      	BRMI __CMPF121
00029a 1797      	CP   R25,R23
00029b f048      	BRLO __CMPF122
00029c f429      	BRNE __CMPF121
00029d 17ae      	CP   R26,R30
00029e 07bf      	CPC  R27,R31
00029f 0786      	CPC  R24,R22
0002a0 f020      	BRLO __CMPF122
0002a1 f031      	BREQ __CMPF123
                 __CMPF121:
0002a2 9498      	CLZ
0002a3 9488      	CLC
0002a4 9508      	RET
                 __CMPF122:
0002a5 9498      	CLZ
0002a6 9408      	SEC
0002a7 9508      	RET
                 __CMPF123:
0002a8 9418      	SEZ
0002a9 9488      	CLC
0002aa 9508      	RET
                 __CMPF120:
0002ab 2377      	TST  R23
0002ac f7c2      	BRPL __CMPF122
0002ad 1797      	CP   R25,R23
0002ae f398      	BRLO __CMPF121
0002af f7a9      	BRNE __CMPF122
0002b0 17ea      	CP   R30,R26
0002b1 07fb      	CPC  R31,R27
0002b2 0768      	CPC  R22,R24
0002b3 f388      	BRLO __CMPF122
0002b4 f399      	BREQ __CMPF123
0002b5 cfec      	RJMP __CMPF121
                 
                 _delay_ms:
0002b6 9610      	adiw r26,0
0002b7 f039      	breq __delay_ms1
                 __delay_ms0:
0002b8 95a8      	wdr
                +
0002b9 ef8a     +LDI R24 , LOW ( 0xFA )
0002ba e090     +LDI R25 , HIGH ( 0xFA )
                +__DELAY_USW_LOOP :
0002bb 9701     +SBIW R24 , 1
0002bc f7f1     +BRNE __DELAY_USW_LOOP
                 	__DELAY_USW 0xFA
0002bd 9711      	sbiw r26,1
0002be f7c9      	brne __delay_ms0
                 __delay_ms1:
0002bf 9508      	ret
                 
                 ;END OF CODE MARKER
                 __END_OF_CODE:


RESOURCE USE INFORMATION
------------------------

Notice:
The register and instruction counts are symbol table hit counts,
and hence implicitly used resources are not counted, eg, the
'lpm' instruction without operands implicitly uses r0 and z,
none of which are counted.

x,y,z are separate entities in the symbol table and are
counted separately from r26..r31 here.

.dseg memory usage only counts static data declared with .byte

ATmega328P register use summary:
r0 :  23 r1 :  27 r2 :   0 r3 :   0 r4 :   0 r5 :   0 r6 :   0 r7 :   0 
r8 :   0 r9 :   0 r10:   0 r11:   0 r12:   0 r13:   0 r14:   0 r15:   0 
r16:   6 r17:   8 r18:   6 r19:   4 r20:  14 r21:  52 r22:  57 r23:  51 
r24:  27 r25:  23 r26:  36 r27:  22 r28:   3 r29:   1 r30: 108 r31:  51 
x  :  10 y  :  34 z  :   8 
Registers used: 21 out of 35 (60.0%)

ATmega328P instruction use summary:
.lds  :   0 .lds.l:   0 .sts  :   0 .sts.l:   0 adc   :   4 add   :   2 
adiw  :   3 and   :   2 andi  :   1 asr   :   1 bclr  :   0 bld   :   1 
brbc  :   0 brbs  :   0 brcc  :   4 brcs  :   0 break :   0 breq  :  15 
brge  :   0 brhc  :   0 brhs  :   0 brid  :   0 brie  :   0 brlo  :  12 
brlt  :   1 brmi  :   7 brne  :  15 brpl  :   7 brsh  :   1 brtc  :   1 
brts  :   1 brvc  :   3 brvs  :   3 bset  :   0 bst   :   0 call  :   0 
cbi   :   2 cbr   :   0 clc   :   3 clh   :   0 cli   :   1 cln   :   0 
clr   :  16 cls   :   0 clt   :   2 clv   :   0 clz   :   2 com   :   8 
cp    :   6 cpc   :   7 cpi   :  14 cpse  :   0 dec   :   8 des   :   0 
eor   :   6 fmul  :   0 fmuls :   0 fmulsu:   0 icall :   0 ijmp  :   0 
in    :   2 inc   :   1 jmp   :  27 ld    :  11 ldd   :  10 ldi   :  49 
lds   :  16 lpm   :   7 lsl   :  10 lsr   :   2 mov   :  38 movw  :  20 
mul   :   0 muls  :   0 mulsu :   0 neg   :   2 nop   :   0 or    :   0 
ori   :   0 out   :   7 pop   :  12 push  :  11 rcall :  29 ret   :  27 
reti  :   1 rjmp  :  25 rol   :  21 ror   :  13 sbc   :   7 sbci  :  13 
sbi   :   1 sbic  :   0 sbis  :   0 sbiw  :   7 sbr   :   0 sbrc  :   1 
sbrs  :   1 sec   :   3 seh   :   0 sei   :   1 sen   :   0 ser   :   8 
ses   :   0 set   :   2 sev   :   0 sez   :   1 sleep :   0 spm   :   0 
st    :  19 std   :   5 sts   :  17 sub   :   6 subi  :  10 swap  :   0 
tst   :  16 wdr   :   1 
Instructions used: 71 out of 116 (61.2%)

ATmega328P memory use summary [bytes]:
Segment   Begin    End      Code   Data   Used    Size   Use%
---------------------------------------------------------------
[.cseg] 0x000000 0x000580   1358     50   1408   32768   4.3%
[.dseg] 0x000100 0x0003f2      0    242    242    2048  11.8%
[.eseg] 0x000000 0x000000      0      0      0    1024   0.0%

Assembly complete, 0 errors, 0 warnings
